<?xml version="1.0" encoding="UTF-8"?>
<!-- Generated by org.testng.reporters.JUnitXMLReporter -->
<testsuite hostname="TIPS" ignored="0" name="Default test" tests="3" failures="0" timestamp="2022-03-02T13:09:31 CST" time="10.371" errors="0">
  <testcase name="validateUserIsableToAddCategoryAndItisDisplayed" time="0.574" classname="test.AddingCategoryTest"/>
  <testcase name="validAddCategoryAlreadyExists" time="1.277" classname="test.AddingCategoryTest"/>
  <testcase name="validateAllOptionsFromMonthDropDown" time="0.241" classname="test.AddingCategoryTest"/>
</testsuite> <!-- Default test -->
